<?xml version="1.0" encoding="UTF-8"?>
<!-- Generated by org.testng.reporters.JUnitReportReporter -->
<testsuite hostname="shobhitbharti" failures="0" tests="1" name="com.inetBanking.testCases.TC_AddCustomerTest_003" time="22.520" errors="0" timestamp="2022-01-21T15:36:33 IST" skipped="0">
  <testcase classname="com.inetBanking.testCases.TC_AddCustomerTest_003" name="addNewCustomer" time="22.520"/>
  <system-out/>
</testsuite> <!-- com.inetBanking.testCases.TC_AddCustomerTest_003 -->
